<?xml version="1.0" encoding="UTF-8"?>
<!-- Generated by org.testng.reporters.JUnitXMLReporter -->
<testsuite ignored="0" hostname="Srimathy" failures="0" tests="4" name="Test" time="11.131" errors="0" timestamp="2024-09-16T12:52:08 IST">
  <testcase classname="TestNgSample1.TCRemotePush" name="openapp" time="3.669"/>
  <testcase classname="TestNgSample1.TC1" name="Openapp" time="4.715"/>
  <testcase classname="TestNgSample1.TC1" name="Login" time="2.474"/>
  <testcase classname="TestNgSample1.TC1" name="Closeapp" time="0.197"/>
</testsuite> <!-- Test -->
