<?xml version="1.0" encoding="UTF-8"?>
<!-- Generated by org.testng.reporters.JUnitXMLReporter -->
<testsuite ignored="0" hostname="Srimathy" failures="0" tests="4" name="Test" time="11.598" errors="0" timestamp="2024-09-16T13:09:10 IST">
  <testcase classname="TestNgSample1.TCRemotePush" name="openapp" time="3.445"/>
  <testcase classname="TestNgSample1.TC1" name="Openapp" time="4.69"/>
  <testcase classname="TestNgSample1.TC1" name="Login" time="3.204"/>
  <testcase classname="TestNgSample1.TC1" name="Closeapp" time="0.209"/>
</testsuite> <!-- Test -->
