<?xml version="1.0" encoding="UTF-8"?>
<testng-results ignored="0" total="4" passed="4" failed="0" skipped="0">
  <reporter-output>
  </reporter-output>
  <suite started-at="2024-09-16T13:08:59 IST" name="Suite" finished-at="2024-09-16T13:09:10 IST" duration-ms="11598">
    <groups>
    </groups>
    <test started-at="2024-09-16T13:08:59 IST" name="Test" finished-at="2024-09-16T13:09:10 IST" duration-ms="11598">
      <class name="TestNgSample1.TC1">
        <test-method signature="Openapp()[pri:1, instance:TestNgSample1.TC1@5f6722d3]" started-at="2024-09-16T13:09:02 IST" name="Openapp" finished-at="2024-09-16T13:09:07 IST" duration-ms="4690" status="PASS">
          <reporter-output>
          </reporter-output>
        </test-method> <!-- Openapp -->
        <test-method signature="Login()[pri:2, instance:TestNgSample1.TC1@5f6722d3]" started-at="2024-09-16T13:09:07 IST" name="Login" finished-at="2024-09-16T13:09:10 IST" duration-ms="3204" status="PASS">
          <reporter-output>
          </reporter-output>
        </test-method> <!-- Login -->
        <test-method signature="Closeapp()[pri:3, instance:TestNgSample1.TC1@5f6722d3]" started-at="2024-09-16T13:09:10 IST" name="Closeapp" finished-at="2024-09-16T13:09:10 IST" duration-ms="209" status="PASS">
          <reporter-output>
          </reporter-output>
        </test-method> <!-- Closeapp -->
      </class> <!-- TestNgSample1.TC1 -->
      <class name="TestNgSample1.TCRemotePush">
        <test-method signature="openapp()[pri:1, instance:TestNgSample1.TCRemotePush@18920cc]" started-at="2024-09-16T13:08:59 IST" name="openapp" finished-at="2024-09-16T13:09:02 IST" duration-ms="3445" status="PASS">
          <reporter-output>
          </reporter-output>
        </test-method> <!-- openapp -->
      </class> <!-- TestNgSample1.TCRemotePush -->
    </test> <!-- Test -->
  </suite> <!-- Suite -->
</testng-results>
