<?xml version="1.0" encoding="UTF-8"?>
<testng-results ignored="0" total="4" passed="4" failed="0" skipped="0">
  <reporter-output>
  </reporter-output>
  <suite started-at="2024-09-16T12:51:57 IST" name="Suite" finished-at="2024-09-16T12:52:08 IST" duration-ms="11131">
    <groups>
    </groups>
    <test started-at="2024-09-16T12:51:57 IST" name="Test" finished-at="2024-09-16T12:52:08 IST" duration-ms="11131">
      <class name="TestNgSample1.TC1">
        <test-method signature="Openapp()[pri:1, instance:TestNgSample1.TC1@3bd418e4]" started-at="2024-09-16T12:52:01 IST" name="Openapp" finished-at="2024-09-16T12:52:05 IST" duration-ms="4715" status="PASS">
          <reporter-output>
          </reporter-output>
        </test-method> <!-- Openapp -->
        <test-method signature="Login()[pri:2, instance:TestNgSample1.TC1@3bd418e4]" started-at="2024-09-16T12:52:05 IST" name="Login" finished-at="2024-09-16T12:52:08 IST" duration-ms="2474" status="PASS">
          <reporter-output>
          </reporter-output>
        </test-method> <!-- Login -->
        <test-method signature="Closeapp()[pri:3, instance:TestNgSample1.TC1@3bd418e4]" started-at="2024-09-16T12:52:08 IST" name="Closeapp" finished-at="2024-09-16T12:52:08 IST" duration-ms="197" status="PASS">
          <reporter-output>
          </reporter-output>
        </test-method> <!-- Closeapp -->
      </class> <!-- TestNgSample1.TC1 -->
      <class name="TestNgSample1.TCRemotePush">
        <test-method signature="openapp()[pri:1, instance:TestNgSample1.TCRemotePush@3c9bfddc]" started-at="2024-09-16T12:51:57 IST" name="openapp" finished-at="2024-09-16T12:52:00 IST" duration-ms="3669" status="PASS">
          <reporter-output>
          </reporter-output>
        </test-method> <!-- openapp -->
      </class> <!-- TestNgSample1.TCRemotePush -->
    </test> <!-- Test -->
  </suite> <!-- Suite -->
</testng-results>
