<?xml version="1.0" encoding="UTF-8"?>
<testng-results ignored="0" total="1" passed="1" failed="0" skipped="0">
  <reporter-output>
  </reporter-output>
  <suite started-at="2024-09-13T13:23:32 IST" name="Default suite" finished-at="2024-09-13T13:23:34 IST" duration-ms="2075">
    <groups>
    </groups>
    <test started-at="2024-09-13T13:23:32 IST" name="Default test" finished-at="2024-09-13T13:23:34 IST" duration-ms="2075">
      <class name="WebElements.FileUpload">
        <test-method signature="upload()[pri:0, instance:WebElements.FileUpload@3c9bfddc]" started-at="2024-09-13T13:23:32 IST" name="upload" finished-at="2024-09-13T13:23:34 IST" duration-ms="2045" status="PASS">
          <reporter-output>
          </reporter-output>
        </test-method> <!-- upload -->
      </class> <!-- WebElements.FileUpload -->
    </test> <!-- Default test -->
  </suite> <!-- Default suite -->
</testng-results>
